<?xml version="1.0" encoding="UTF-8"?>
<!-- Generated by org.testng.reporters.JUnitReportReporter -->
<testsuite hostname="Laptop-BharatSingh" failures="0" tests="2" name="TestScript.CheckoutPage" time="5.847" errors="0" timestamp="2023-08-15T23:51:54 IST" skipped="0">
  <testcase classname="TestScript.CheckoutPage" name="CheckOut_testCase2" time="3.442"/>
  <testcase classname="TestScript.CheckoutPage" name="CheckOut_testCase1" time="2.405"/>
</testsuite> <!-- TestScript.CheckoutPage -->
