<?xml version="1.0" encoding="UTF-8"?>
<!-- Generated by org.testng.reporters.JUnitReportReporter -->
<testsuite hostname="Laptop-BharatSingh" failures="0" tests="2" name="TestScript.ProductPage" time="4.677" errors="0" timestamp="2023-08-15T23:42:53 IST" skipped="0">
  <testcase classname="TestScript.ProductPage" name="Product_testCase1" time="2.327"/>
  <testcase classname="TestScript.ProductPage" name="Product_testcase2" time="2.350"/>
</testsuite> <!-- TestScript.ProductPage -->
