<?xml version="1.0" encoding="UTF-8"?>
<!-- Generated by org.testng.reporters.JUnitReportReporter -->
<testsuite hostname="Laptop-BharatSingh" failures="0" tests="1" name="TestScript.CheckoutPage" time="2.562" errors="0" timestamp="2023-08-21T23:40:04 IST" skipped="0">
  <testcase classname="TestScript.CheckoutPage" name="CheckOut_testCase1" time="2.562"/>
</testsuite> <!-- TestScript.CheckoutPage -->
